<?xml version="1.0" encoding="UTF-8"?>
<testsuite name="com.miage.garticphone.GarticphoneApplicationTests" tests="1" skipped="0" failures="0" errors="0" timestamp="2021-04-29T14:13:55" hostname="pc-271.home" time="0.147">
  <properties/>
  <testcase name="contextLoads()" classname="com.miage.garticphone.GarticphoneApplicationTests" time="0.147"/>
  <system-out><![CDATA[16:13:54.259 [Test worker] DEBUG org.springframework.test.context.BootstrapUtils - Instantiating CacheAwareContextLoaderDelegate from class [org.springframework.test.context.cache.DefaultCacheAwareContextLoaderDelegate]
16:13:54.264 [Test worker] DEBUG org.springframework.test.context.BootstrapUtils - Instantiating BootstrapContext using constructor [public org.springframework.test.context.support.DefaultBootstrapContext(java.lang.Class,org.springframework.test.context.CacheAwareContextLoaderDelegate)]
16:13:54.277 [Test worker] DEBUG org.springframework.test.context.BootstrapUtils - Instantiating TestContextBootstrapper for test class [com.miage.garticphone.GarticphoneApplicationTests] from class [org.springframework.boot.test.context.SpringBootTestContextBootstrapper]
16:13:54.280 [Test worker] INFO org.springframework.boot.test.context.SpringBootTestContextBootstrapper - Neither @ContextConfiguration nor @ContextHierarchy found for test class [com.miage.garticphone.GarticphoneApplicationTests], using SpringBootContextLoader
16:13:54.282 [Test worker] DEBUG org.springframework.test.context.support.AbstractContextLoader - Did not detect default resource location for test class [com.miage.garticphone.GarticphoneApplicationTests]: class path resource [com/miage/garticphone/GarticphoneApplicationTests-context.xml] does not exist
16:13:54.282 [Test worker] DEBUG org.springframework.test.context.support.AbstractContextLoader - Did not detect default resource location for test class [com.miage.garticphone.GarticphoneApplicationTests]: class path resource [com/miage/garticphone/GarticphoneApplicationTestsContext.groovy] does not exist
16:13:54.282 [Test worker] INFO org.springframework.test.context.support.AbstractContextLoader - Could not detect default resource locations for test class [com.miage.garticphone.GarticphoneApplicationTests]: no resource found for suffixes {-context.xml, Context.groovy}.
16:13:54.282 [Test worker] INFO org.springframework.test.context.support.AnnotationConfigContextLoaderUtils - Could not detect default configuration classes for test class [com.miage.garticphone.GarticphoneApplicationTests]: GarticphoneApplicationTests does not declare any static, non-private, non-final, nested classes annotated with @Configuration.
16:13:54.296 [Test worker] DEBUG org.springframework.test.context.support.ActiveProfilesUtils - Could not find an 'annotation declaring class' for annotation type [org.springframework.test.context.ActiveProfiles] and class [com.miage.garticphone.GarticphoneApplicationTests]
16:13:54.315 [Test worker] DEBUG org.springframework.context.annotation.ClassPathScanningCandidateComponentProvider - Identified candidate component class: file [/Users/jordanlcq/Documents/code/gartic_phone/backend/build/classes/java/main/com/miage/garticphone/GarticphoneApplication.class]
16:13:54.315 [Test worker] INFO org.springframework.boot.test.context.SpringBootTestContextBootstrapper - Found @SpringBootConfiguration com.miage.garticphone.GarticphoneApplication for test class com.miage.garticphone.GarticphoneApplicationTests
16:13:54.351 [Test worker] DEBUG org.springframework.boot.test.context.SpringBootTestContextBootstrapper - @TestExecutionListeners is not present for class [com.miage.garticphone.GarticphoneApplicationTests]: using defaults.
16:13:54.351 [Test worker] INFO org.springframework.boot.test.context.SpringBootTestContextBootstrapper - Loaded default TestExecutionListener class names from location [META-INF/spring.factories]: [org.springframework.boot.test.autoconfigure.restdocs.RestDocsTestExecutionListener, org.springframework.boot.test.autoconfigure.web.client.MockRestServiceServerResetTestExecutionListener, org.springframework.boot.test.autoconfigure.web.servlet.MockMvcPrintOnlyOnFailureTestExecutionListener, org.springframework.boot.test.autoconfigure.web.servlet.WebDriverTestExecutionListener, org.springframework.boot.test.autoconfigure.webservices.client.MockWebServiceServerTestExecutionListener, org.springframework.boot.test.mock.mockito.MockitoTestExecutionListener, org.springframework.boot.test.mock.mockito.ResetMocksTestExecutionListener, org.springframework.test.context.web.ServletTestExecutionListener, org.springframework.test.context.support.DirtiesContextBeforeModesTestExecutionListener, org.springframework.test.context.event.ApplicationEventsTestExecutionListener, org.springframework.test.context.support.DependencyInjectionTestExecutionListener, org.springframework.test.context.support.DirtiesContextTestExecutionListener, org.springframework.test.context.transaction.TransactionalTestExecutionListener, org.springframework.test.context.jdbc.SqlScriptsTestExecutionListener, org.springframework.test.context.event.EventPublishingTestExecutionListener]
16:13:54.355 [Test worker] DEBUG org.springframework.boot.test.context.SpringBootTestContextBootstrapper - Skipping candidate TestExecutionListener [org.springframework.test.context.transaction.TransactionalTestExecutionListener] due to a missing dependency. Specify custom listener classes or make the default listener classes and their required dependencies available. Offending class: [org/springframework/transaction/TransactionDefinition]
16:13:54.355 [Test worker] DEBUG org.springframework.boot.test.context.SpringBootTestContextBootstrapper - Skipping candidate TestExecutionListener [org.springframework.test.context.jdbc.SqlScriptsTestExecutionListener] due to a missing dependency. Specify custom listener classes or make the default listener classes and their required dependencies available. Offending class: [org/springframework/transaction/interceptor/TransactionAttribute]
16:13:54.355 [Test worker] INFO org.springframework.boot.test.context.SpringBootTestContextBootstrapper - Using TestExecutionListeners: [org.springframework.test.context.web.ServletTestExecutionListener@1d5f5d60, org.springframework.test.context.support.DirtiesContextBeforeModesTestExecutionListener@446716e, org.springframework.test.context.event.ApplicationEventsTestExecutionListener@20ca60f7, org.springframework.boot.test.mock.mockito.MockitoTestExecutionListener@4af47f5b, org.springframework.boot.test.autoconfigure.SpringBootDependencyInjectionTestExecutionListener@2da79f38, org.springframework.test.context.support.DirtiesContextTestExecutionListener@1add46e3, org.springframework.test.context.event.EventPublishingTestExecutionListener@69e35097, org.springframework.boot.test.autoconfigure.restdocs.RestDocsTestExecutionListener@4e457, org.springframework.boot.test.autoconfigure.web.client.MockRestServiceServerResetTestExecutionListener@11cbe530, org.springframework.boot.test.autoconfigure.web.servlet.MockMvcPrintOnlyOnFailureTestExecutionListener@61d143b4, org.springframework.boot.test.autoconfigure.web.servlet.WebDriverTestExecutionListener@1245c0f1, org.springframework.boot.test.autoconfigure.webservices.client.MockWebServiceServerTestExecutionListener@3544a8b2, org.springframework.boot.test.mock.mockito.ResetMocksTestExecutionListener@7b68394f]
16:13:54.356 [Test worker] DEBUG org.springframework.test.context.support.AbstractDirtiesContextTestExecutionListener - Before test class: context [DefaultTestContext@5fab18a3 testClass = GarticphoneApplicationTests, testInstance = [null], testMethod = [null], testException = [null], mergedContextConfiguration = [WebMergedContextConfiguration@596876ec testClass = GarticphoneApplicationTests, locations = '{}', classes = '{class com.miage.garticphone.GarticphoneApplication}', contextInitializerClasses = '[]', activeProfiles = '{}', propertySourceLocations = '{}', propertySourceProperties = '{org.springframework.boot.test.context.SpringBootTestContextBootstrapper=true}', contextCustomizers = set[org.springframework.boot.test.autoconfigure.actuate.metrics.MetricsExportContextCustomizerFactory$DisableMetricExportContextCustomizer@31fec187, org.springframework.boot.test.autoconfigure.properties.PropertyMappingContextCustomizer@0, org.springframework.boot.test.autoconfigure.web.servlet.WebDriverContextCustomizerFactory$Customizer@1197aff, org.springframework.boot.test.context.filter.ExcludeFilterContextCustomizer@1ad7a928, org.springframework.boot.test.json.DuplicateJsonObjectContextCustomizerFactory$DuplicateJsonObjectContextCustomizer@2f0f0977, org.springframework.boot.test.mock.mockito.MockitoContextCustomizer@0, org.springframework.boot.test.web.client.TestRestTemplateContextCustomizer@63478030, org.springframework.boot.test.context.SpringBootTestArgs@1, org.springframework.boot.test.context.SpringBootTestWebEnvironment@3931720c], resourceBasePath = 'src/main/webapp', contextLoader = 'org.springframework.boot.test.context.SpringBootContextLoader', parent = [null]], attributes = map['org.springframework.test.context.web.ServletTestExecutionListener.activateListener' -> true]], class annotated with @DirtiesContext [false] with mode [null].
16:13:54.368 [Test worker] DEBUG org.springframework.test.context.support.TestPropertySourceUtils - Adding inlined properties to environment: {spring.jmx.enabled=false, org.springframework.boot.test.context.SpringBootTestContextBootstrapper=true}

  .   ____          _            __ _ _
 /\\ / ___'_ __ _ _(_)_ __  __ _ \ \ \ \
( ( )\___ | '_ | '_| | '_ \/ _` | \ \ \ \
 \\/  ___)| |_)| | | | | || (_| |  ) ) ) )
  '  |____| .__|_| |_|_| |_\__, | / / / /
 =========|_|==============|___/=/_/_/_/
 :: Spring Boot ::                (v2.4.5)

2021-04-29 16:13:54.479  INFO 5235 --- [    Test worker] c.m.g.GarticphoneApplicationTests        : Starting GarticphoneApplicationTests using Java 15.0.3 on pc-271.home with PID 5235 (started by jordanlcq in /Users/jordanlcq/Documents/code/gartic_phone/backend)
2021-04-29 16:13:54.480  INFO 5235 --- [    Test worker] c.m.g.GarticphoneApplicationTests        : No active profile set, falling back to default profiles: default
2021-04-29 16:13:54.857  INFO 5235 --- [    Test worker] o.s.s.concurrent.ThreadPoolTaskExecutor  : Initializing ExecutorService 'applicationTaskExecutor'
2021-04-29 16:13:55.198  INFO 5235 --- [    Test worker] c.m.g.GarticphoneApplicationTests        : Started GarticphoneApplicationTests in 0.826 seconds (JVM running for 1.247)
]]></system-out>
  <system-err><![CDATA[]]></system-err>
</testsuite>
